
 9/18/2025 9:31:08 AM Service Starting service
 9/18/2025 9:31:08 AM Bus Became bus client

 9/18/2025 9:31:09 AM Middleware::Response Success
 9/18/2025 9:31:09 AM Service Initializing modules

------------------------------------------------------------------------------
 9/18/2025 9:31:09 AM Bus::Client Connection established
----------------------------------AutoLogOut----------------------------------
------------------------------------------------------------------------------
 9/18/2025 9:31:09 AM Client-Info Client Version: 0.13.0
 9/18/2025 9:31:09 AM Client-Info Client OS:      Windows
 9/18/2025 9:31:09 AM Client-Info Server Version: 1.5.10.1615
 9/18/2025 9:31:09 AM Middleware::Response Success
------------------------------------------------------------------------------


------------------------------------------------------------------------------
-----------------------------DefaultPrinterManager----------------------------
------------------------------------------------------------------------------
 9/18/2025 9:31:09 AM Client-Info Client Version: 0.13.0
 9/18/2025 9:31:09 AM Client-Info Client OS:      Windows
 9/18/2025 9:31:09 AM Client-Info Server Version: 1.5.10.1615
 9/18/2025 9:31:09 AM Middleware::Response Success
------------------------------------------------------------------------------


------------------------------------------------------------------------------
--------------------------------DisplayManager--------------------------------
------------------------------------------------------------------------------
 9/18/2025 9:31:09 AM Client-Info Client Version: 0.13.0
 9/18/2025 9:31:09 AM Client-Info Client OS:      Windows
 9/18/2025 9:31:09 AM Client-Info Server Version: 1.5.10.1615
 9/18/2025 9:31:09 AM Middleware::Response Success
 9/18/2025 9:31:09 AM DisplayManager ERROR: Invalid settings provided
------------------------------------------------------------------------------

 9/18/2025 9:31:09 AM Service Sleeping for 148 seconds
 9/18/2025 9:33:37 AM Middleware::Response Success

------------------------------------------------------------------------------
----------------------------------AutoLogOut----------------------------------
------------------------------------------------------------------------------
 9/18/2025 9:33:37 AM Client-Info Client Version: 0.13.0
 9/18/2025 9:33:37 AM Client-Info Client OS:      Windows
 9/18/2025 9:33:37 AM Client-Info Server Version: 1.5.10.1615
 9/18/2025 9:33:37 AM Middleware::Response Success
------------------------------------------------------------------------------


------------------------------------------------------------------------------
-----------------------------DefaultPrinterManager----------------------------
------------------------------------------------------------------------------
 9/18/2025 9:33:37 AM Client-Info Client Version: 0.13.0
 9/18/2025 9:33:37 AM Client-Info Client OS:      Windows
 9/18/2025 9:33:37 AM Client-Info Server Version: 1.5.10.1615
 9/18/2025 9:33:37 AM Middleware::Response Success
------------------------------------------------------------------------------


------------------------------------------------------------------------------
--------------------------------DisplayManager--------------------------------
------------------------------------------------------------------------------
 9/18/2025 9:33:37 AM Client-Info Client Version: 0.13.0
 9/18/2025 9:33:37 AM Client-Info Client OS:      Windows
 9/18/2025 9:33:37 AM Client-Info Server Version: 1.5.10.1615
 9/18/2025 9:33:37 AM Middleware::Response Success
 9/18/2025 9:33:37 AM DisplayManager ERROR: Invalid settings provided
------------------------------------------------------------------------------

 9/18/2025 9:33:37 AM Service Sleeping for 144 seconds
 9/18/2025 9:36:01 AM Middleware::Response Success

------------------------------------------------------------------------------
----------------------------------AutoLogOut----------------------------------
------------------------------------------------------------------------------
 9/18/2025 9:36:01 AM Client-Info Client Version: 0.13.0
 9/18/2025 9:36:01 AM Client-Info Client OS:      Windows
 9/18/2025 9:36:01 AM Client-Info Server Version: 1.5.10.1615
 9/18/2025 9:36:01 AM Middleware::Response Success
------------------------------------------------------------------------------


------------------------------------------------------------------------------
-----------------------------DefaultPrinterManager----------------------------
------------------------------------------------------------------------------
 9/18/2025 9:36:01 AM Client-Info Client Version: 0.13.0
 9/18/2025 9:36:01 AM Client-Info Client OS:      Windows
 9/18/2025 9:36:01 AM Client-Info Server Version: 1.5.10.1615
 9/18/2025 9:36:01 AM Middleware::Response Success
------------------------------------------------------------------------------


------------------------------------------------------------------------------
--------------------------------DisplayManager--------------------------------
------------------------------------------------------------------------------
 9/18/2025 9:36:01 AM Client-Info Client Version: 0.13.0
 9/18/2025 9:36:01 AM Client-Info Client OS:      Windows
 9/18/2025 9:36:01 AM Client-Info Server Version: 1.5.10.1615
 9/18/2025 9:36:01 AM Middleware::Response Success
 9/18/2025 9:36:01 AM DisplayManager ERROR: Invalid settings provided
------------------------------------------------------------------------------

 9/18/2025 9:36:01 AM Service Sleeping for 107 seconds
 9/18/2025 9:37:48 AM Middleware::Response Success

------------------------------------------------------------------------------
----------------------------------AutoLogOut----------------------------------
------------------------------------------------------------------------------
 9/18/2025 9:37:48 AM Client-Info Client Version: 0.13.0
 9/18/2025 9:37:48 AM Client-Info Client OS:      Windows
 9/18/2025 9:37:48 AM Client-Info Server Version: 1.5.10.1615
 9/18/2025 9:37:48 AM Middleware::Response Success
------------------------------------------------------------------------------


------------------------------------------------------------------------------
-----------------------------DefaultPrinterManager----------------------------
------------------------------------------------------------------------------
 9/18/2025 9:37:48 AM Client-Info Client Version: 0.13.0
 9/18/2025 9:37:48 AM Client-Info Client OS:      Windows
 9/18/2025 9:37:48 AM Client-Info Server Version: 1.5.10.1615
 9/18/2025 9:37:48 AM Middleware::Response Success
------------------------------------------------------------------------------


------------------------------------------------------------------------------
--------------------------------DisplayManager--------------------------------
------------------------------------------------------------------------------
 9/18/2025 9:37:48 AM Client-Info Client Version: 0.13.0
 9/18/2025 9:37:48 AM Client-Info Client OS:      Windows
 9/18/2025 9:37:48 AM Client-Info Server Version: 1.5.10.1615
 9/18/2025 9:37:48 AM Middleware::Response Success
 9/18/2025 9:37:48 AM DisplayManager ERROR: Invalid settings provided
------------------------------------------------------------------------------

 9/18/2025 9:37:48 AM Service Sleeping for 117 seconds
 9/18/2025 9:39:45 AM Middleware::Response Success

------------------------------------------------------------------------------
----------------------------------AutoLogOut----------------------------------
------------------------------------------------------------------------------
 9/18/2025 9:39:45 AM Client-Info Client Version: 0.13.0
 9/18/2025 9:39:45 AM Client-Info Client OS:      Windows
 9/18/2025 9:39:45 AM Client-Info Server Version: 1.5.10.1615
 9/18/2025 9:39:45 AM Middleware::Response Success
------------------------------------------------------------------------------


------------------------------------------------------------------------------
-----------------------------DefaultPrinterManager----------------------------
------------------------------------------------------------------------------
 9/18/2025 9:39:45 AM Client-Info Client Version: 0.13.0
 9/18/2025 9:39:45 AM Client-Info Client OS:      Windows
 9/18/2025 9:39:45 AM Client-Info Server Version: 1.5.10.1615
 9/18/2025 9:39:45 AM Middleware::Response Success
------------------------------------------------------------------------------


------------------------------------------------------------------------------
--------------------------------DisplayManager--------------------------------
------------------------------------------------------------------------------
 9/18/2025 9:39:45 AM Client-Info Client Version: 0.13.0
 9/18/2025 9:39:45 AM Client-Info Client OS:      Windows
 9/18/2025 9:39:45 AM Client-Info Server Version: 1.5.10.1615
 9/18/2025 9:39:45 AM Middleware::Response Success
 9/18/2025 9:39:45 AM DisplayManager ERROR: Invalid settings provided
------------------------------------------------------------------------------

 9/18/2025 9:39:45 AM Service Sleeping for 87 seconds
 9/18/2025 9:41:12 AM Middleware::Response Success

------------------------------------------------------------------------------
----------------------------------AutoLogOut----------------------------------
------------------------------------------------------------------------------
 9/18/2025 9:41:12 AM Client-Info Client Version: 0.13.0
 9/18/2025 9:41:12 AM Client-Info Client OS:      Windows
 9/18/2025 9:41:12 AM Client-Info Server Version: 1.5.10.1615
 9/18/2025 9:41:12 AM Middleware::Response Success
------------------------------------------------------------------------------


------------------------------------------------------------------------------
-----------------------------DefaultPrinterManager----------------------------
------------------------------------------------------------------------------
 9/18/2025 9:41:13 AM Client-Info Client Version: 0.13.0
 9/18/2025 9:41:13 AM Client-Info Client OS:      Windows
 9/18/2025 9:41:13 AM Client-Info Server Version: 1.5.10.1615
 9/18/2025 9:41:13 AM Middleware::Response Success
------------------------------------------------------------------------------


------------------------------------------------------------------------------
--------------------------------DisplayManager--------------------------------
------------------------------------------------------------------------------
 9/18/2025 9:41:13 AM Client-Info Client Version: 0.13.0
 9/18/2025 9:41:13 AM Client-Info Client OS:      Windows
 9/18/2025 9:41:13 AM Client-Info Server Version: 1.5.10.1615
 9/18/2025 9:41:13 AM Middleware::Response Success
 9/18/2025 9:41:13 AM DisplayManager ERROR: Invalid settings provided
------------------------------------------------------------------------------

 9/18/2025 9:41:13 AM Service Sleeping for 101 seconds
 9/18/2025 9:42:54 AM Middleware::Response Success

------------------------------------------------------------------------------
----------------------------------AutoLogOut----------------------------------
------------------------------------------------------------------------------
 9/18/2025 9:42:54 AM Client-Info Client Version: 0.13.0
 9/18/2025 9:42:54 AM Client-Info Client OS:      Windows
 9/18/2025 9:42:54 AM Client-Info Server Version: 1.5.10.1615
 9/18/2025 9:42:54 AM Middleware::Response Success
------------------------------------------------------------------------------


------------------------------------------------------------------------------
-----------------------------DefaultPrinterManager----------------------------
------------------------------------------------------------------------------
 9/18/2025 9:42:54 AM Client-Info Client Version: 0.13.0
 9/18/2025 9:42:54 AM Client-Info Client OS:      Windows
 9/18/2025 9:42:54 AM Client-Info Server Version: 1.5.10.1615
 9/18/2025 9:42:54 AM Middleware::Response Success
------------------------------------------------------------------------------


------------------------------------------------------------------------------
--------------------------------DisplayManager--------------------------------
------------------------------------------------------------------------------
 9/18/2025 9:42:54 AM Client-Info Client Version: 0.13.0
 9/18/2025 9:42:54 AM Client-Info Client OS:      Windows
 9/18/2025 9:42:54 AM Client-Info Server Version: 1.5.10.1615
 9/18/2025 9:42:54 AM Middleware::Response Success
 9/18/2025 9:42:54 AM DisplayManager ERROR: Invalid settings provided
------------------------------------------------------------------------------

 9/18/2025 9:42:54 AM Service Sleeping for 126 seconds
 9/18/2025 9:45:00 AM Middleware::Response Success

------------------------------------------------------------------------------
----------------------------------AutoLogOut----------------------------------
------------------------------------------------------------------------------
 9/18/2025 9:45:00 AM Client-Info Client Version: 0.13.0
 9/18/2025 9:45:00 AM Client-Info Client OS:      Windows
 9/18/2025 9:45:00 AM Client-Info Server Version: 1.5.10.1615
 9/18/2025 9:45:00 AM Middleware::Response Success
------------------------------------------------------------------------------


------------------------------------------------------------------------------
-----------------------------DefaultPrinterManager----------------------------
------------------------------------------------------------------------------
 9/18/2025 9:45:00 AM Client-Info Client Version: 0.13.0
 9/18/2025 9:45:00 AM Client-Info Client OS:      Windows
 9/18/2025 9:45:00 AM Client-Info Server Version: 1.5.10.1615
 9/18/2025 9:45:00 AM Middleware::Response Success
------------------------------------------------------------------------------


------------------------------------------------------------------------------
--------------------------------DisplayManager--------------------------------
------------------------------------------------------------------------------
 9/18/2025 9:45:00 AM Client-Info Client Version: 0.13.0
 9/18/2025 9:45:00 AM Client-Info Client OS:      Windows
 9/18/2025 9:45:00 AM Client-Info Server Version: 1.5.10.1615
 9/18/2025 9:45:00 AM Middleware::Response Success
 9/18/2025 9:45:00 AM DisplayManager ERROR: Invalid settings provided
------------------------------------------------------------------------------

 9/18/2025 9:45:00 AM Service Sleeping for 76 seconds
